<?xml version="1.0" encoding="UTF-8"?>
<robot generator="Robot 7.0.1 (Python 3.12.4 on win32)" generated="2024-08-22T21:57:07.020862" rpa="false" schemaversion="5">
<suite id="s1" name="Front Automation" source="C:\RobotFramework\front_automation\Automacao_Front\tests">
<suite id="s1-s1" name="Complete Flux" source="C:\RobotFramework\front_automation\Automacao_Front\tests\complete_flux.robot">
<kw name="Setup" owner="keywords" type="SETUP">
<kw name="Open Browser" owner="SeleniumLibrary">
<msg time="2024-08-22T21:57:08.135373" level="INFO">Opening browser 'firefox' to base url 'https://front.serverest.dev/login'.</msg>
<errors>
<msg time="2024-08-22T21:57:13.544871" level="ERROR">Execution stopped by user.</msg>
</errors>
</robot>
